  button.cpp
C:\Users\julan\Desktop\Cheat ImGui\framework\settings\functions.h(26,31): warning C4459: declaration of 'var' hides global declaration
  (compiling source file '../../../../framework/elements/button.cpp')
      C:\Users\julan\Desktop\Cheat ImGui\framework\settings\variables.h(65,21):
      see declaration of 'var'
  
  checkbox.cpp
C:\Users\julan\Desktop\Cheat ImGui\framework\settings\functions.h(26,31): warning C4459: declaration of 'var' hides global declaration
  (compiling source file '../../../../framework/elements/checkbox.cpp')
      C:\Users\julan\Desktop\Cheat ImGui\framework\settings\variables.h(65,21):
      see declaration of 'var'
  
C:\Users\julan\Desktop\Cheat ImGui\framework\elements\checkbox.cpp(36,23): warning C4189: 'style': local variable is initialized but not referenced
C:\Users\julan\Desktop\Cheat ImGui\framework\elements\checkbox.cpp(106,23): warning C4189: 'style': local variable is initialized but not referenced
C:\Users\julan\Desktop\Cheat ImGui\framework\elements\checkbox.cpp(183,23): warning C4189: 'style': local variable is initialized but not referenced
  child.cpp
C:\Users\julan\Desktop\Cheat ImGui\framework\settings\functions.h(26,31): warning C4459: declaration of 'var' hides global declaration
  (compiling source file '../../../../framework/elements/child.cpp')
      C:\Users\julan\Desktop\Cheat ImGui\framework\settings\variables.h(65,21):
      see declaration of 'var'
  
C:\Users\julan\Desktop\Cheat ImGui\framework\elements\child.cpp(25,45): warning C4805: '==': unsafe mix of type 'int' and type 'bool' in operation
  colorpicker.cpp
C:\Users\julan\Desktop\Cheat ImGui\framework\settings\functions.h(26,31): warning C4459: declaration of 'var' hides global declaration
  (compiling source file '../../../../framework/elements/colorpicker.cpp')
      C:\Users\julan\Desktop\Cheat ImGui\framework\settings\variables.h(65,21):
      see declaration of 'var'
  
C:\Users\julan\Desktop\Cheat ImGui\framework\elements\colorpicker.cpp(40,64): warning C4100: 'opened': unreferenced parameter
C:\Users\julan\Desktop\Cheat ImGui\framework\elements\colorpicker.cpp(46,19): warning C4189: 'g': local variable is initialized but not referenced
C:\Users\julan\Desktop\Cheat ImGui\framework\elements\colorpicker.cpp(129,43): warning C4244: '=': conversion from 'float' to 'int', possible loss of data
C:\Users\julan\Desktop\Cheat ImGui\framework\elements\colorpicker.cpp(160,12): warning C4459: declaration of 'clr' hides global declaration
      C:\Users\julan\Desktop\Cheat ImGui\framework\settings\colors.h(74,18):
      see declaration of 'clr'
  
C:\Users\julan\Desktop\Cheat ImGui\framework\elements\colorpicker.cpp(180,92): warning C4100: 'ref_col': unreferenced parameter
C:\Users\julan\Desktop\Cheat ImGui\framework\elements\colorpicker.cpp(198,17): warning C4189: 'width': local variable is initialized but not referenced
C:\Users\julan\Desktop\Cheat ImGui\framework\elements\colorpicker.cpp(369,17): warning C4189: 'col_midgrey': local variable is initialized but not referenced
C:\Users\julan\Desktop\Cheat ImGui\framework\elements\colorpicker.cpp(557,27): warning C4244: 'argument': conversion from 'int' to 'float', possible loss of data
C:\Users\julan\Desktop\Cheat ImGui\framework\elements\colorpicker.cpp(580,104): warning C4244: 'argument': conversion from 'float' to 'int', possible loss of data
C:\Users\julan\Desktop\Cheat ImGui\framework\elements\colorpicker.cpp(532,21): warning C4996: 'sscanf': This function or variable may be unsafe. Consider using sscanf_s instead. To disable deprecation, use _CRT_SECURE_NO_WARNINGS. See online help for details.
C:\Users\julan\Desktop\Cheat ImGui\framework\elements\colorpicker.cpp(534,21): warning C4996: 'sscanf': This function or variable may be unsafe. Consider using sscanf_s instead. To disable deprecation, use _CRT_SECURE_NO_WARNINGS. See online help for details.
C:\Users\julan\Desktop\Cheat ImGui\framework\elements\colorpicker.cpp(563,35): warning C4390: ';': empty controlled statement found; is this the intent?
C:\Users\julan\Desktop\Cheat ImGui\framework\elements\colorpicker.cpp(509,17): warning C4189: 'inputs_offset_x': local variable is initialized but not referenced
C:\Users\julan\Desktop\Cheat ImGui\framework\elements\colorpicker.cpp(488,15): warning C4189: 'components': local variable is initialized but not referenced
C:\Users\julan\Desktop\Cheat ImGui\framework\elements\colorpicker.cpp(487,16): warning C4189: 'hdr': local variable is initialized but not referenced
C:\Users\julan\Desktop\Cheat ImGui\framework\elements\colorpicker.cpp(454,17): warning C4189: 'label_display_end': local variable is initialized but not referenced
  draw.cpp
C:\Users\julan\Desktop\Cheat ImGui\framework\settings\functions.h(26,31): warning C4459: declaration of 'var' hides global declaration
  (compiling source file '../../../../framework/elements/draw.cpp')
      C:\Users\julan\Desktop\Cheat ImGui\framework\settings\variables.h(65,21):
      see declaration of 'var'
  
C:\Users\julan\Desktop\Cheat ImGui\framework\elements\draw.cpp(11,50): warning C4459: declaration of 'draw' hides global declaration
      C:\Users\julan\Desktop\Cheat ImGui\framework\settings\functions.h(165,16):
      see declaration of 'draw'
  
C:\Users\julan\Desktop\Cheat ImGui\framework\elements\draw.cpp(106,43): warning C4459: declaration of 'draw' hides global declaration
      C:\Users\julan\Desktop\Cheat ImGui\framework\settings\functions.h(165,16):
      see declaration of 'draw'
  
  dropdown.cpp
C:\Users\julan\Desktop\Cheat ImGui\framework\settings\functions.h(26,31): warning C4459: declaration of 'var' hides global declaration
  (compiling source file '../../../../framework/elements/dropdown.cpp')
      C:\Users\julan\Desktop\Cheat ImGui\framework\settings\variables.h(65,21):
      see declaration of 'var'
  
C:\Users\julan\Desktop\Cheat ImGui\framework\elements\dropdown.cpp(88,9): warning C5054: operator '|': deprecated between enumerations of different types
C:\Users\julan\Desktop\Cheat ImGui\framework\elements\dropdown.cpp(100,16): warning C4189: 'rect_hovered': local variable is initialized but not referenced
C:\Users\julan\Desktop\Cheat ImGui\framework\elements\dropdown.cpp(102,10): warning C4189: 'pressed': local variable is initialized but not referenced
C:\Users\julan\Desktop\Cheat ImGui\framework\elements\dropdown.cpp(79,30): warning C4189: 'backup_next_window_data_flags': local variable is initialized but not referenced
  helpers.cpp
C:\Users\julan\Desktop\Cheat ImGui\framework\settings\functions.h(26,31): warning C4459: declaration of 'var' hides global declaration
  (compiling source file '../../../../framework/elements/helpers.cpp')
      C:\Users\julan\Desktop\Cheat ImGui\framework\settings\variables.h(65,21):
      see declaration of 'var'
  
  keybind.cpp
C:\Users\julan\Desktop\Cheat ImGui\framework\settings\functions.h(26,31): warning C4459: declaration of 'var' hides global declaration
  (compiling source file '../../../../framework/elements/keybind.cpp')
      C:\Users\julan\Desktop\Cheat ImGui\framework\settings\variables.h(65,21):
      see declaration of 'var'
  
C:\Users\julan\Desktop\Cheat ImGui\framework\elements\keybind.cpp(337,23): warning C4189: 'style': local variable is initialized but not referenced
C:\Users\julan\Desktop\Cheat ImGui\framework\elements\keybind.cpp(378,23): warning C4189: 'style': local variable is initialized but not referenced
C:\Users\julan\Desktop\Cheat ImGui\framework\elements\keybind.cpp(496,23): warning C4189: 'style': local variable is initialized but not referenced
C:\Users\julan\Desktop\Cheat ImGui\framework\elements\keybind.cpp(590,35): warning C4390: ';': empty controlled statement found; is this the intent?
C:\Users\julan\Desktop\Cheat ImGui\framework\elements\keybind.cpp(549,14): warning C4189: 'io': local variable is initialized but not referenced
  notify.cpp
C:\Users\julan\Desktop\Cheat ImGui\framework\settings\functions.h(26,31): warning C4459: declaration of 'var' hides global declaration
  (compiling source file '../../../../framework/elements/notify.cpp')
      C:\Users\julan\Desktop\Cheat ImGui\framework\settings\variables.h(65,21):
      see declaration of 'var'
  
C:\Users\julan\Desktop\Cheat ImGui\framework\elements\notify.cpp(34,99): warning C4100: 'notify_duration': unreferenced parameter
  section.cpp
C:\Users\julan\Desktop\Cheat ImGui\framework\settings\functions.h(26,31): warning C4459: declaration of 'var' hides global declaration
  (compiling source file '../../../../framework/elements/section.cpp')
      C:\Users\julan\Desktop\Cheat ImGui\framework\settings\variables.h(65,21):
      see declaration of 'var'
  
  slider.cpp
C:\Users\julan\Desktop\Cheat ImGui\framework\settings\functions.h(26,31): warning C4459: declaration of 'var' hides global declaration
  (compiling source file '../../../../framework/elements/slider.cpp')
      C:\Users\julan\Desktop\Cheat ImGui\framework\settings\variables.h(65,21):
      see declaration of 'var'
  
C:\Users\julan\Desktop\Cheat ImGui\framework\elements\slider.cpp(222,23): warning C4189: 'style': local variable is initialized but not referenced
C:\Users\julan\Desktop\Cheat ImGui\framework\elements\slider.cpp(313,49): warning C4100: 'col': unreferenced parameter
C:\Users\julan\Desktop\Cheat ImGui\framework\elements\slider.cpp(343,11): warning C4189: 'hue_height': local variable is initialized but not referenced
  textfield.cpp
C:\Users\julan\Desktop\Cheat ImGui\framework\settings\functions.h(26,31): warning C4459: declaration of 'var' hides global declaration
  (compiling source file '../../../../framework/elements/textfield.cpp')
      C:\Users\julan\Desktop\Cheat ImGui\framework\settings\variables.h(65,21):
      see declaration of 'var'
  
C:\Users\julan\Desktop\Cheat ImGui\framework\elements\textfield.cpp(1230,28): warning C4456: declaration of 'rect' hides previous local declaration
      C:\Users\julan\Desktop\Cheat ImGui\framework\elements\textfield.cpp(374,18):
      see declaration of 'rect'
  
C:\Users\julan\Desktop\Cheat ImGui\framework\elements\textfield.cpp(346,96): warning C4100: 'size_arg': unreferenced parameter
C:\Users\julan\Desktop\Cheat ImGui\framework\elements\textfield.cpp(1211,19): warning C4189: 'bg_offy_up': local variable is initialized but not referenced
C:\Users\julan\Desktop\Cheat ImGui\framework\elements\textfield.cpp(1212,19): warning C4189: 'bg_offy_dn': local variable is initialized but not referenced
C:\Users\julan\Desktop\Cheat ImGui\framework\elements\textfield.cpp(1210,19): warning C4189: 'bg_color': local variable is initialized but not referenced
C:\Users\julan\Desktop\Cheat ImGui\framework\elements\textfield.cpp(2219,28): warning C4456: declaration of 'rect' hides previous local declaration
      C:\Users\julan\Desktop\Cheat ImGui\framework\elements\textfield.cpp(1363,18):
      see declaration of 'rect'
  
C:\Users\julan\Desktop\Cheat ImGui\framework\elements\textfield.cpp(1335,102): warning C4100: 'size_arg': unreferenced parameter
C:\Users\julan\Desktop\Cheat ImGui\framework\elements\textfield.cpp(2200,19): warning C4189: 'bg_offy_up': local variable is initialized but not referenced
C:\Users\julan\Desktop\Cheat ImGui\framework\elements\textfield.cpp(2201,19): warning C4189: 'bg_offy_dn': local variable is initialized but not referenced
C:\Users\julan\Desktop\Cheat ImGui\framework\elements\textfield.cpp(2199,19): warning C4189: 'bg_color': local variable is initialized but not referenced
C:\Users\julan\Desktop\Cheat ImGui\thirdparty\imgui\imstb_textedit.h(724,13): warning C4505: 'ImStb::stb_textedit_key': unreferenced function with internal linkage has been removed
  (compiling source file '../../../../framework/elements/textfield.cpp')
  
  window.cpp
C:\Users\julan\Desktop\Cheat ImGui\framework\settings\functions.h(26,31): warning C4459: declaration of 'var' hides global declaration
  (compiling source file '../../../../framework/elements/window.cpp')
      C:\Users\julan\Desktop\Cheat ImGui\framework\settings\variables.h(65,21):
      see declaration of 'var'
  
C:\Users\julan\Desktop\Cheat ImGui\thirdparty\dxsdk\Include\dxgitype.h(12,9): warning C4005: 'DXGI_STATUS_OCCLUDED': macro redefinition
  (compiling source file '../../../../framework/elements/window.cpp')
      C:\Program Files (x86)\Windows Kits\10\Include\10.0.26100.0\shared\winerror.h(59020,9):
      see previous definition of 'DXGI_STATUS_OCCLUDED'
  
C:\Users\julan\Desktop\Cheat ImGui\thirdparty\dxsdk\Include\dxgitype.h(13,9): warning C4005: 'DXGI_STATUS_CLIPPED': macro redefinition
  (compiling source file '../../../../framework/elements/window.cpp')
      C:\Program Files (x86)\Windows Kits\10\Include\10.0.26100.0\shared\winerror.h(59029,9):
      see previous definition of 'DXGI_STATUS_CLIPPED'
  
C:\Users\julan\Desktop\Cheat ImGui\thirdparty\dxsdk\Include\dxgitype.h(14,9): warning C4005: 'DXGI_STATUS_NO_REDIRECTION': macro redefinition
  (compiling source file '../../../../framework/elements/window.cpp')
      C:\Program Files (x86)\Windows Kits\10\Include\10.0.26100.0\shared\winerror.h(59038,9):
      see previous definition of 'DXGI_STATUS_NO_REDIRECTION'
  
C:\Users\julan\Desktop\Cheat ImGui\thirdparty\dxsdk\Include\dxgitype.h(15,9): warning C4005: 'DXGI_STATUS_NO_DESKTOP_ACCESS': macro redefinition
  (compiling source file '../../../../framework/elements/window.cpp')
      C:\Program Files (x86)\Windows Kits\10\Include\10.0.26100.0\shared\winerror.h(59047,9):
      see previous definition of 'DXGI_STATUS_NO_DESKTOP_ACCESS'
  
C:\Users\julan\Desktop\Cheat ImGui\thirdparty\dxsdk\Include\dxgitype.h(16,9): warning C4005: 'DXGI_STATUS_GRAPHICS_VIDPN_SOURCE_IN_USE': macro redefinition
  (compiling source file '../../../../framework/elements/window.cpp')
      C:\Program Files (x86)\Windows Kits\10\Include\10.0.26100.0\shared\winerror.h(59056,9):
      see previous definition of 'DXGI_STATUS_GRAPHICS_VIDPN_SOURCE_IN_USE'
  
C:\Users\julan\Desktop\Cheat ImGui\thirdparty\dxsdk\Include\dxgitype.h(17,9): warning C4005: 'DXGI_STATUS_MODE_CHANGED': macro redefinition
  (compiling source file '../../../../framework/elements/window.cpp')
      C:\Program Files (x86)\Windows Kits\10\Include\10.0.26100.0\shared\winerror.h(59065,9):
      see previous definition of 'DXGI_STATUS_MODE_CHANGED'
  
C:\Users\julan\Desktop\Cheat ImGui\thirdparty\dxsdk\Include\dxgitype.h(18,9): warning C4005: 'DXGI_STATUS_MODE_CHANGE_IN_PROGRESS': macro redefinition
  (compiling source file '../../../../framework/elements/window.cpp')
      C:\Program Files (x86)\Windows Kits\10\Include\10.0.26100.0\shared\winerror.h(59074,9):
      see previous definition of 'DXGI_STATUS_MODE_CHANGE_IN_PROGRESS'
  
C:\Users\julan\Desktop\Cheat ImGui\thirdparty\dxsdk\Include\dxgitype.h(21,9): warning C4005: 'DXGI_ERROR_INVALID_CALL': macro redefinition
  (compiling source file '../../../../framework/elements/window.cpp')
      C:\Program Files (x86)\Windows Kits\10\Include\10.0.26100.0\shared\winerror.h(59089,9):
      see previous definition of 'DXGI_ERROR_INVALID_CALL'
  
C:\Users\julan\Desktop\Cheat ImGui\thirdparty\dxsdk\Include\dxgitype.h(22,9): warning C4005: 'DXGI_ERROR_NOT_FOUND': macro redefinition
  (compiling source file '../../../../framework/elements/window.cpp')
      C:\Program Files (x86)\Windows Kits\10\Include\10.0.26100.0\shared\winerror.h(59098,9):
      see previous definition of 'DXGI_ERROR_NOT_FOUND'
  
C:\Users\julan\Desktop\Cheat ImGui\thirdparty\dxsdk\Include\dxgitype.h(23,9): warning C4005: 'DXGI_ERROR_MORE_DATA': macro redefinition
  (compiling source file '../../../../framework/elements/window.cpp')
      C:\Program Files (x86)\Windows Kits\10\Include\10.0.26100.0\shared\winerror.h(59107,9):
      see previous definition of 'DXGI_ERROR_MORE_DATA'
  
C:\Users\julan\Desktop\Cheat ImGui\thirdparty\dxsdk\Include\dxgitype.h(24,9): warning C4005: 'DXGI_ERROR_UNSUPPORTED': macro redefinition
  (compiling source file '../../../../framework/elements/window.cpp')
      C:\Program Files (x86)\Windows Kits\10\Include\10.0.26100.0\shared\winerror.h(59116,9):
      see previous definition of 'DXGI_ERROR_UNSUPPORTED'
  
C:\Users\julan\Desktop\Cheat ImGui\thirdparty\dxsdk\Include\dxgitype.h(25,9): warning C4005: 'DXGI_ERROR_DEVICE_REMOVED': macro redefinition
  (compiling source file '../../../../framework/elements/window.cpp')
      C:\Program Files (x86)\Windows Kits\10\Include\10.0.26100.0\shared\winerror.h(59125,9):
      see previous definition of 'DXGI_ERROR_DEVICE_REMOVED'
  
C:\Users\julan\Desktop\Cheat ImGui\thirdparty\dxsdk\Include\dxgitype.h(26,9): warning C4005: 'DXGI_ERROR_DEVICE_HUNG': macro redefinition
  (compiling source file '../../../../framework/elements/window.cpp')
      C:\Program Files (x86)\Windows Kits\10\Include\10.0.26100.0\shared\winerror.h(59134,9):
      see previous definition of 'DXGI_ERROR_DEVICE_HUNG'
  
C:\Users\julan\Desktop\Cheat ImGui\thirdparty\dxsdk\Include\dxgitype.h(27,9): warning C4005: 'DXGI_ERROR_DEVICE_RESET': macro redefinition
  (compiling source file '../../../../framework/elements/window.cpp')
      C:\Program Files (x86)\Windows Kits\10\Include\10.0.26100.0\shared\winerror.h(59144,9):
      see previous definition of 'DXGI_ERROR_DEVICE_RESET'
  
C:\Users\julan\Desktop\Cheat ImGui\thirdparty\dxsdk\Include\dxgitype.h(28,9): warning C4005: 'DXGI_ERROR_WAS_STILL_DRAWING': macro redefinition
  (compiling source file '../../../../framework/elements/window.cpp')
      C:\Program Files (x86)\Windows Kits\10\Include\10.0.26100.0\shared\winerror.h(59153,9):
      see previous definition of 'DXGI_ERROR_WAS_STILL_DRAWING'
  
C:\Users\julan\Desktop\Cheat ImGui\thirdparty\dxsdk\Include\dxgitype.h(29,9): warning C4005: 'DXGI_ERROR_FRAME_STATISTICS_DISJOINT': macro redefinition
  (compiling source file '../../../../framework/elements/window.cpp')
      C:\Program Files (x86)\Windows Kits\10\Include\10.0.26100.0\shared\winerror.h(59163,9):
      see previous definition of 'DXGI_ERROR_FRAME_STATISTICS_DISJOINT'
  
C:\Users\julan\Desktop\Cheat ImGui\thirdparty\dxsdk\Include\dxgitype.h(30,9): warning C4005: 'DXGI_ERROR_GRAPHICS_VIDPN_SOURCE_IN_USE': macro redefinition
  (compiling source file '../../../../framework/elements/window.cpp')
      C:\Program Files (x86)\Windows Kits\10\Include\10.0.26100.0\shared\winerror.h(59172,9):
      see previous definition of 'DXGI_ERROR_GRAPHICS_VIDPN_SOURCE_IN_USE'
  
C:\Users\julan\Desktop\Cheat ImGui\thirdparty\dxsdk\Include\dxgitype.h(31,9): warning C4005: 'DXGI_ERROR_DRIVER_INTERNAL_ERROR': macro redefinition
  (compiling source file '../../../../framework/elements/window.cpp')
      C:\Program Files (x86)\Windows Kits\10\Include\10.0.26100.0\shared\winerror.h(59182,9):
      see previous definition of 'DXGI_ERROR_DRIVER_INTERNAL_ERROR'
  
C:\Users\julan\Desktop\Cheat ImGui\thirdparty\dxsdk\Include\dxgitype.h(32,9): warning C4005: 'DXGI_ERROR_NONEXCLUSIVE': macro redefinition
  (compiling source file '../../../../framework/elements/window.cpp')
      C:\Program Files (x86)\Windows Kits\10\Include\10.0.26100.0\shared\winerror.h(59191,9):
      see previous definition of 'DXGI_ERROR_NONEXCLUSIVE'
  
C:\Users\julan\Desktop\Cheat ImGui\thirdparty\dxsdk\Include\dxgitype.h(33,9): warning C4005: 'DXGI_ERROR_NOT_CURRENTLY_AVAILABLE': macro redefinition
  (compiling source file '../../../../framework/elements/window.cpp')
      C:\Program Files (x86)\Windows Kits\10\Include\10.0.26100.0\shared\winerror.h(59200,9):
      see previous definition of 'DXGI_ERROR_NOT_CURRENTLY_AVAILABLE'
  
C:\Users\julan\Desktop\Cheat ImGui\thirdparty\dxsdk\Include\dxgitype.h(34,9): warning C4005: 'DXGI_ERROR_REMOTE_CLIENT_DISCONNECTED': macro redefinition
  (compiling source file '../../../../framework/elements/window.cpp')
      C:\Program Files (x86)\Windows Kits\10\Include\10.0.26100.0\shared\winerror.h(59210,9):
      see previous definition of 'DXGI_ERROR_REMOTE_CLIENT_DISCONNECTED'
  
C:\Users\julan\Desktop\Cheat ImGui\thirdparty\dxsdk\Include\dxgitype.h(35,9): warning C4005: 'DXGI_ERROR_REMOTE_OUTOFMEMORY': macro redefinition
  (compiling source file '../../../../framework/elements/window.cpp')
      C:\Program Files (x86)\Windows Kits\10\Include\10.0.26100.0\shared\winerror.h(59219,9):
      see previous definition of 'DXGI_ERROR_REMOTE_OUTOFMEMORY'
  
C:\Users\julan\Desktop\Cheat ImGui\thirdparty\dxsdk\Include\d3d11.h(917,9): warning C4005: 'D3D11_ERROR_TOO_MANY_UNIQUE_STATE_OBJECTS': macro redefinition
  (compiling source file '../../../../framework/elements/window.cpp')
      C:\Program Files (x86)\Windows Kits\10\Include\10.0.26100.0\shared\winerror.h(59534,9):
      see previous definition of 'D3D11_ERROR_TOO_MANY_UNIQUE_STATE_OBJECTS'
  
C:\Users\julan\Desktop\Cheat ImGui\thirdparty\dxsdk\Include\d3d11.h(918,9): warning C4005: 'D3D11_ERROR_FILE_NOT_FOUND': macro redefinition
  (compiling source file '../../../../framework/elements/window.cpp')
      C:\Program Files (x86)\Windows Kits\10\Include\10.0.26100.0\shared\winerror.h(59543,9):
      see previous definition of 'D3D11_ERROR_FILE_NOT_FOUND'
  
C:\Users\julan\Desktop\Cheat ImGui\thirdparty\dxsdk\Include\d3d11.h(919,9): warning C4005: 'D3D11_ERROR_TOO_MANY_UNIQUE_VIEW_OBJECTS': macro redefinition
  (compiling source file '../../../../framework/elements/window.cpp')
      C:\Program Files (x86)\Windows Kits\10\Include\10.0.26100.0\shared\winerror.h(59553,9):
      see previous definition of 'D3D11_ERROR_TOO_MANY_UNIQUE_VIEW_OBJECTS'
  
C:\Users\julan\Desktop\Cheat ImGui\thirdparty\dxsdk\Include\d3d11.h(920,9): warning C4005: 'D3D11_ERROR_DEFERRED_CONTEXT_MAP_WITHOUT_INITIAL_DISCARD': macro redefinition
  (compiling source file '../../../../framework/elements/window.cpp')
      C:\Program Files (x86)\Windows Kits\10\Include\10.0.26100.0\shared\winerror.h(59562,9):
      see previous definition of 'D3D11_ERROR_DEFERRED_CONTEXT_MAP_WITHOUT_INITIAL_DISCARD'
  
C:\Users\julan\Desktop\Cheat ImGui\thirdparty\dxsdk\Include\d3d10.h(608,9): warning C4005: 'D3D10_ERROR_TOO_MANY_UNIQUE_STATE_OBJECTS': macro redefinition
  (compiling source file '../../../../framework/elements/window.cpp')
      C:\Program Files (x86)\Windows Kits\10\Include\10.0.26100.0\shared\winerror.h(59510,9):
      see previous definition of 'D3D10_ERROR_TOO_MANY_UNIQUE_STATE_OBJECTS'
  
C:\Users\julan\Desktop\Cheat ImGui\thirdparty\dxsdk\Include\d3d10.h(609,9): warning C4005: 'D3D10_ERROR_FILE_NOT_FOUND': macro redefinition
  (compiling source file '../../../../framework/elements/window.cpp')
      C:\Program Files (x86)\Windows Kits\10\Include\10.0.26100.0\shared\winerror.h(59519,9):
      see previous definition of 'D3D10_ERROR_FILE_NOT_FOUND'
  
C:\Users\julan\Desktop\Cheat ImGui\framework\shader\dx11\blur.hpp(69,30): warning C4100: 'd': unreferenced parameter
  (compiling source file '../../../../framework/elements/window.cpp')
  
C:\Users\julan\Desktop\Cheat ImGui\framework\shader\dx11\blur.hpp(84,52): warning C4100: 'cmd': unreferenced parameter
  (compiling source file '../../../../framework/elements/window.cpp')
  
C:\Users\julan\Desktop\Cheat ImGui\framework\shader\dx11\blur.hpp(84,32): warning C4100: 'd': unreferenced parameter
  (compiling source file '../../../../framework/elements/window.cpp')
  
C:\Users\julan\Desktop\Cheat ImGui\framework\shader\dx11\blur.hpp(94,170): warning C4244: 'argument': conversion from 'int' to 'float', possible loss of data
  (compiling source file '../../../../framework/elements/window.cpp')
  
C:\Users\julan\Desktop\Cheat ImGui\framework\elements\window.cpp(600,145): warning C4100: 'flags': unreferenced parameter
C:\Users\julan\Desktop\Cheat ImGui\framework\elements\window.cpp(716,45): warning C4100: 'rounding': unreferenced parameter
C:\Users\julan\Desktop\Cheat ImGui\framework\elements\window.cpp(916,21): warning C4505: 'nav_restore_last_child_nav_window': unreferenced function with internal linkage has been removed
  gui.cpp
C:\Users\julan\Desktop\Cheat ImGui\framework\settings\functions.h(26,31): warning C4459: declaration of 'var' hides global declaration
  (compiling source file '../../../../framework/gui.cpp')
      C:\Users\julan\Desktop\Cheat ImGui\framework\settings\variables.h(65,21):
      see declaration of 'var'
  
C:\Users\julan\Desktop\Cheat ImGui\framework\gui.cpp(16,15): warning C4189: 'drawlist': local variable is initialized but not referenced
  main.cpp
C:\Users\julan\Desktop\Cheat ImGui\thirdparty\imgui\examples\example_win32_directx9\main.cpp(1,1): warning C4828: The file contains a character starting at offset 0x1e68 that is illegal in the current source character set (codepage 65001).
C:\Users\julan\Desktop\Cheat ImGui\framework\settings\functions.h(26,31): warning C4459: declaration of 'var' hides global declaration
  (compiling source file 'main.cpp')
      C:\Users\julan\Desktop\Cheat ImGui\framework\settings\variables.h(65,21):
      see declaration of 'var'
  
C:\Users\julan\Desktop\Cheat ImGui\thirdparty\dxsdk\Include\dxgitype.h(12,9): warning C4005: 'DXGI_STATUS_OCCLUDED': macro redefinition
  (compiling source file 'main.cpp')
      C:\Program Files (x86)\Windows Kits\10\Include\10.0.26100.0\shared\winerror.h(59020,9):
      see previous definition of 'DXGI_STATUS_OCCLUDED'
  
C:\Users\julan\Desktop\Cheat ImGui\thirdparty\dxsdk\Include\dxgitype.h(13,9): warning C4005: 'DXGI_STATUS_CLIPPED': macro redefinition
  (compiling source file 'main.cpp')
      C:\Program Files (x86)\Windows Kits\10\Include\10.0.26100.0\shared\winerror.h(59029,9):
      see previous definition of 'DXGI_STATUS_CLIPPED'
  
C:\Users\julan\Desktop\Cheat ImGui\thirdparty\dxsdk\Include\dxgitype.h(14,9): warning C4005: 'DXGI_STATUS_NO_REDIRECTION': macro redefinition
  (compiling source file 'main.cpp')
      C:\Program Files (x86)\Windows Kits\10\Include\10.0.26100.0\shared\winerror.h(59038,9):
      see previous definition of 'DXGI_STATUS_NO_REDIRECTION'
  
C:\Users\julan\Desktop\Cheat ImGui\thirdparty\dxsdk\Include\dxgitype.h(15,9): warning C4005: 'DXGI_STATUS_NO_DESKTOP_ACCESS': macro redefinition
  (compiling source file 'main.cpp')
      C:\Program Files (x86)\Windows Kits\10\Include\10.0.26100.0\shared\winerror.h(59047,9):
      see previous definition of 'DXGI_STATUS_NO_DESKTOP_ACCESS'
  
C:\Users\julan\Desktop\Cheat ImGui\thirdparty\dxsdk\Include\dxgitype.h(16,9): warning C4005: 'DXGI_STATUS_GRAPHICS_VIDPN_SOURCE_IN_USE': macro redefinition
  (compiling source file 'main.cpp')
      C:\Program Files (x86)\Windows Kits\10\Include\10.0.26100.0\shared\winerror.h(59056,9):
      see previous definition of 'DXGI_STATUS_GRAPHICS_VIDPN_SOURCE_IN_USE'
  
C:\Users\julan\Desktop\Cheat ImGui\thirdparty\dxsdk\Include\dxgitype.h(17,9): warning C4005: 'DXGI_STATUS_MODE_CHANGED': macro redefinition
  (compiling source file 'main.cpp')
      C:\Program Files (x86)\Windows Kits\10\Include\10.0.26100.0\shared\winerror.h(59065,9):
      see previous definition of 'DXGI_STATUS_MODE_CHANGED'
  
C:\Users\julan\Desktop\Cheat ImGui\thirdparty\dxsdk\Include\dxgitype.h(18,9): warning C4005: 'DXGI_STATUS_MODE_CHANGE_IN_PROGRESS': macro redefinition
  (compiling source file 'main.cpp')
      C:\Program Files (x86)\Windows Kits\10\Include\10.0.26100.0\shared\winerror.h(59074,9):
      see previous definition of 'DXGI_STATUS_MODE_CHANGE_IN_PROGRESS'
  
C:\Users\julan\Desktop\Cheat ImGui\thirdparty\dxsdk\Include\dxgitype.h(21,9): warning C4005: 'DXGI_ERROR_INVALID_CALL': macro redefinition
  (compiling source file 'main.cpp')
      C:\Program Files (x86)\Windows Kits\10\Include\10.0.26100.0\shared\winerror.h(59089,9):
      see previous definition of 'DXGI_ERROR_INVALID_CALL'
  
C:\Users\julan\Desktop\Cheat ImGui\thirdparty\dxsdk\Include\dxgitype.h(22,9): warning C4005: 'DXGI_ERROR_NOT_FOUND': macro redefinition
  (compiling source file 'main.cpp')
      C:\Program Files (x86)\Windows Kits\10\Include\10.0.26100.0\shared\winerror.h(59098,9):
      see previous definition of 'DXGI_ERROR_NOT_FOUND'
  
C:\Users\julan\Desktop\Cheat ImGui\thirdparty\dxsdk\Include\dxgitype.h(23,9): warning C4005: 'DXGI_ERROR_MORE_DATA': macro redefinition
  (compiling source file 'main.cpp')
      C:\Program Files (x86)\Windows Kits\10\Include\10.0.26100.0\shared\winerror.h(59107,9):
      see previous definition of 'DXGI_ERROR_MORE_DATA'
  
C:\Users\julan\Desktop\Cheat ImGui\thirdparty\dxsdk\Include\dxgitype.h(24,9): warning C4005: 'DXGI_ERROR_UNSUPPORTED': macro redefinition
  (compiling source file 'main.cpp')
      C:\Program Files (x86)\Windows Kits\10\Include\10.0.26100.0\shared\winerror.h(59116,9):
      see previous definition of 'DXGI_ERROR_UNSUPPORTED'
  
C:\Users\julan\Desktop\Cheat ImGui\thirdparty\dxsdk\Include\dxgitype.h(25,9): warning C4005: 'DXGI_ERROR_DEVICE_REMOVED': macro redefinition
  (compiling source file 'main.cpp')
      C:\Program Files (x86)\Windows Kits\10\Include\10.0.26100.0\shared\winerror.h(59125,9):
      see previous definition of 'DXGI_ERROR_DEVICE_REMOVED'
  
C:\Users\julan\Desktop\Cheat ImGui\thirdparty\dxsdk\Include\dxgitype.h(26,9): warning C4005: 'DXGI_ERROR_DEVICE_HUNG': macro redefinition
  (compiling source file 'main.cpp')
      C:\Program Files (x86)\Windows Kits\10\Include\10.0.26100.0\shared\winerror.h(59134,9):
      see previous definition of 'DXGI_ERROR_DEVICE_HUNG'
  
C:\Users\julan\Desktop\Cheat ImGui\thirdparty\dxsdk\Include\dxgitype.h(27,9): warning C4005: 'DXGI_ERROR_DEVICE_RESET': macro redefinition
  (compiling source file 'main.cpp')
      C:\Program Files (x86)\Windows Kits\10\Include\10.0.26100.0\shared\winerror.h(59144,9):
      see previous definition of 'DXGI_ERROR_DEVICE_RESET'
  
C:\Users\julan\Desktop\Cheat ImGui\thirdparty\dxsdk\Include\dxgitype.h(28,9): warning C4005: 'DXGI_ERROR_WAS_STILL_DRAWING': macro redefinition
  (compiling source file 'main.cpp')
      C:\Program Files (x86)\Windows Kits\10\Include\10.0.26100.0\shared\winerror.h(59153,9):
      see previous definition of 'DXGI_ERROR_WAS_STILL_DRAWING'
  
C:\Users\julan\Desktop\Cheat ImGui\thirdparty\dxsdk\Include\dxgitype.h(29,9): warning C4005: 'DXGI_ERROR_FRAME_STATISTICS_DISJOINT': macro redefinition
  (compiling source file 'main.cpp')
      C:\Program Files (x86)\Windows Kits\10\Include\10.0.26100.0\shared\winerror.h(59163,9):
      see previous definition of 'DXGI_ERROR_FRAME_STATISTICS_DISJOINT'
  
C:\Users\julan\Desktop\Cheat ImGui\thirdparty\dxsdk\Include\dxgitype.h(30,9): warning C4005: 'DXGI_ERROR_GRAPHICS_VIDPN_SOURCE_IN_USE': macro redefinition
  (compiling source file 'main.cpp')
      C:\Program Files (x86)\Windows Kits\10\Include\10.0.26100.0\shared\winerror.h(59172,9):
      see previous definition of 'DXGI_ERROR_GRAPHICS_VIDPN_SOURCE_IN_USE'
  
C:\Users\julan\Desktop\Cheat ImGui\thirdparty\dxsdk\Include\dxgitype.h(31,9): warning C4005: 'DXGI_ERROR_DRIVER_INTERNAL_ERROR': macro redefinition
  (compiling source file 'main.cpp')
      C:\Program Files (x86)\Windows Kits\10\Include\10.0.26100.0\shared\winerror.h(59182,9):
      see previous definition of 'DXGI_ERROR_DRIVER_INTERNAL_ERROR'
  
C:\Users\julan\Desktop\Cheat ImGui\thirdparty\dxsdk\Include\dxgitype.h(32,9): warning C4005: 'DXGI_ERROR_NONEXCLUSIVE': macro redefinition
  (compiling source file 'main.cpp')
      C:\Program Files (x86)\Windows Kits\10\Include\10.0.26100.0\shared\winerror.h(59191,9):
      see previous definition of 'DXGI_ERROR_NONEXCLUSIVE'
  
C:\Users\julan\Desktop\Cheat ImGui\thirdparty\dxsdk\Include\dxgitype.h(33,9): warning C4005: 'DXGI_ERROR_NOT_CURRENTLY_AVAILABLE': macro redefinition
  (compiling source file 'main.cpp')
      C:\Program Files (x86)\Windows Kits\10\Include\10.0.26100.0\shared\winerror.h(59200,9):
      see previous definition of 'DXGI_ERROR_NOT_CURRENTLY_AVAILABLE'
  
C:\Users\julan\Desktop\Cheat ImGui\thirdparty\dxsdk\Include\dxgitype.h(34,9): warning C4005: 'DXGI_ERROR_REMOTE_CLIENT_DISCONNECTED': macro redefinition
  (compiling source file 'main.cpp')
      C:\Program Files (x86)\Windows Kits\10\Include\10.0.26100.0\shared\winerror.h(59210,9):
      see previous definition of 'DXGI_ERROR_REMOTE_CLIENT_DISCONNECTED'
  
C:\Users\julan\Desktop\Cheat ImGui\thirdparty\dxsdk\Include\dxgitype.h(35,9): warning C4005: 'DXGI_ERROR_REMOTE_OUTOFMEMORY': macro redefinition
  (compiling source file 'main.cpp')
      C:\Program Files (x86)\Windows Kits\10\Include\10.0.26100.0\shared\winerror.h(59219,9):
      see previous definition of 'DXGI_ERROR_REMOTE_OUTOFMEMORY'
  
C:\Users\julan\Desktop\Cheat ImGui\thirdparty\dxsdk\Include\d3d11.h(917,9): warning C4005: 'D3D11_ERROR_TOO_MANY_UNIQUE_STATE_OBJECTS': macro redefinition
  (compiling source file 'main.cpp')
      C:\Program Files (x86)\Windows Kits\10\Include\10.0.26100.0\shared\winerror.h(59534,9):
      see previous definition of 'D3D11_ERROR_TOO_MANY_UNIQUE_STATE_OBJECTS'
  
C:\Users\julan\Desktop\Cheat ImGui\thirdparty\dxsdk\Include\d3d11.h(918,9): warning C4005: 'D3D11_ERROR_FILE_NOT_FOUND': macro redefinition
  (compiling source file 'main.cpp')
      C:\Program Files (x86)\Windows Kits\10\Include\10.0.26100.0\shared\winerror.h(59543,9):
      see previous definition of 'D3D11_ERROR_FILE_NOT_FOUND'
  
C:\Users\julan\Desktop\Cheat ImGui\thirdparty\dxsdk\Include\d3d11.h(919,9): warning C4005: 'D3D11_ERROR_TOO_MANY_UNIQUE_VIEW_OBJECTS': macro redefinition
  (compiling source file 'main.cpp')
      C:\Program Files (x86)\Windows Kits\10\Include\10.0.26100.0\shared\winerror.h(59553,9):
      see previous definition of 'D3D11_ERROR_TOO_MANY_UNIQUE_VIEW_OBJECTS'
  
C:\Users\julan\Desktop\Cheat ImGui\thirdparty\dxsdk\Include\d3d11.h(920,9): warning C4005: 'D3D11_ERROR_DEFERRED_CONTEXT_MAP_WITHOUT_INITIAL_DISCARD': macro redefinition
  (compiling source file 'main.cpp')
      C:\Program Files (x86)\Windows Kits\10\Include\10.0.26100.0\shared\winerror.h(59562,9):
      see previous definition of 'D3D11_ERROR_DEFERRED_CONTEXT_MAP_WITHOUT_INITIAL_DISCARD'
  
C:\Users\julan\Desktop\Cheat ImGui\thirdparty\dxsdk\Include\d3d10.h(608,9): warning C4005: 'D3D10_ERROR_TOO_MANY_UNIQUE_STATE_OBJECTS': macro redefinition
  (compiling source file 'main.cpp')
      C:\Program Files (x86)\Windows Kits\10\Include\10.0.26100.0\shared\winerror.h(59510,9):
      see previous definition of 'D3D10_ERROR_TOO_MANY_UNIQUE_STATE_OBJECTS'
  
C:\Users\julan\Desktop\Cheat ImGui\thirdparty\dxsdk\Include\d3d10.h(609,9): warning C4005: 'D3D10_ERROR_FILE_NOT_FOUND': macro redefinition
  (compiling source file 'main.cpp')
      C:\Program Files (x86)\Windows Kits\10\Include\10.0.26100.0\shared\winerror.h(59519,9):
      see previous definition of 'D3D10_ERROR_FILE_NOT_FOUND'
  
LINK : warning LNK4098: defaultlib 'LIBCMT' conflicts with use of other libs; use /NODEFAULTLIB:library
  Generating code
  21 of 2155 functions ( 1.0%) were compiled, the rest were copied from previous compilation.
    0 functions were new in current compilation
    81 functions had inline decision re-evaluated but remain unchanged
  Finished generating code
freetype.lib(ftinit.obj) : warning LNK4099: PDB 'freetype.pdb' was not found with 'freetype.lib(ftinit.obj)' or at 'C:\Users\julan\Desktop\Cheat ImGui\thirdparty\imgui\examples\example_win32_directx9\Release\freetype.pdb'; linking object as if no debug info
freetype.lib(ftbase.obj) : warning LNK4099: PDB 'freetype.pdb' was not found with 'freetype.lib(ftbase.obj)' or at 'C:\Users\julan\Desktop\Cheat ImGui\thirdparty\imgui\examples\example_win32_directx9\Release\freetype.pdb'; linking object as if no debug info
freetype.lib(ftsynth.obj) : warning LNK4099: PDB 'freetype.pdb' was not found with 'freetype.lib(ftsynth.obj)' or at 'C:\Users\julan\Desktop\Cheat ImGui\thirdparty\imgui\examples\example_win32_directx9\Release\freetype.pdb'; linking object as if no debug info
freetype.lib(autofit.obj) : warning LNK4099: PDB 'freetype.pdb' was not found with 'freetype.lib(autofit.obj)' or at 'C:\Users\julan\Desktop\Cheat ImGui\thirdparty\imgui\examples\example_win32_directx9\Release\freetype.pdb'; linking object as if no debug info
freetype.lib(truetype.obj) : warning LNK4099: PDB 'freetype.pdb' was not found with 'freetype.lib(truetype.obj)' or at 'C:\Users\julan\Desktop\Cheat ImGui\thirdparty\imgui\examples\example_win32_directx9\Release\freetype.pdb'; linking object as if no debug info
freetype.lib(type1.obj) : warning LNK4099: PDB 'freetype.pdb' was not found with 'freetype.lib(type1.obj)' or at 'C:\Users\julan\Desktop\Cheat ImGui\thirdparty\imgui\examples\example_win32_directx9\Release\freetype.pdb'; linking object as if no debug info
freetype.lib(cff.obj) : warning LNK4099: PDB 'freetype.pdb' was not found with 'freetype.lib(cff.obj)' or at 'C:\Users\julan\Desktop\Cheat ImGui\thirdparty\imgui\examples\example_win32_directx9\Release\freetype.pdb'; linking object as if no debug info
freetype.lib(type1cid.obj) : warning LNK4099: PDB 'freetype.pdb' was not found with 'freetype.lib(type1cid.obj)' or at 'C:\Users\julan\Desktop\Cheat ImGui\thirdparty\imgui\examples\example_win32_directx9\Release\freetype.pdb'; linking object as if no debug info
freetype.lib(pfr.obj) : warning LNK4099: PDB 'freetype.pdb' was not found with 'freetype.lib(pfr.obj)' or at 'C:\Users\julan\Desktop\Cheat ImGui\thirdparty\imgui\examples\example_win32_directx9\Release\freetype.pdb'; linking object as if no debug info
freetype.lib(type42.obj) : warning LNK4099: PDB 'freetype.pdb' was not found with 'freetype.lib(type42.obj)' or at 'C:\Users\julan\Desktop\Cheat ImGui\thirdparty\imgui\examples\example_win32_directx9\Release\freetype.pdb'; linking object as if no debug info
freetype.lib(winfnt.obj) : warning LNK4099: PDB 'freetype.pdb' was not found with 'freetype.lib(winfnt.obj)' or at 'C:\Users\julan\Desktop\Cheat ImGui\thirdparty\imgui\examples\example_win32_directx9\Release\freetype.pdb'; linking object as if no debug info
freetype.lib(pcf.obj) : warning LNK4099: PDB 'freetype.pdb' was not found with 'freetype.lib(pcf.obj)' or at 'C:\Users\julan\Desktop\Cheat ImGui\thirdparty\imgui\examples\example_win32_directx9\Release\freetype.pdb'; linking object as if no debug info
freetype.lib(bdf.obj) : warning LNK4099: PDB 'freetype.pdb' was not found with 'freetype.lib(bdf.obj)' or at 'C:\Users\julan\Desktop\Cheat ImGui\thirdparty\imgui\examples\example_win32_directx9\Release\freetype.pdb'; linking object as if no debug info
freetype.lib(psaux.obj) : warning LNK4099: PDB 'freetype.pdb' was not found with 'freetype.lib(psaux.obj)' or at 'C:\Users\julan\Desktop\Cheat ImGui\thirdparty\imgui\examples\example_win32_directx9\Release\freetype.pdb'; linking object as if no debug info
freetype.lib(psmodule.obj) : warning LNK4099: PDB 'freetype.pdb' was not found with 'freetype.lib(psmodule.obj)' or at 'C:\Users\julan\Desktop\Cheat ImGui\thirdparty\imgui\examples\example_win32_directx9\Release\freetype.pdb'; linking object as if no debug info
freetype.lib(pshinter.obj) : warning LNK4099: PDB 'freetype.pdb' was not found with 'freetype.lib(pshinter.obj)' or at 'C:\Users\julan\Desktop\Cheat ImGui\thirdparty\imgui\examples\example_win32_directx9\Release\freetype.pdb'; linking object as if no debug info
freetype.lib(sfnt.obj) : warning LNK4099: PDB 'freetype.pdb' was not found with 'freetype.lib(sfnt.obj)' or at 'C:\Users\julan\Desktop\Cheat ImGui\thirdparty\imgui\examples\example_win32_directx9\Release\freetype.pdb'; linking object as if no debug info
freetype.lib(smooth.obj) : warning LNK4099: PDB 'freetype.pdb' was not found with 'freetype.lib(smooth.obj)' or at 'C:\Users\julan\Desktop\Cheat ImGui\thirdparty\imgui\examples\example_win32_directx9\Release\freetype.pdb'; linking object as if no debug info
freetype.lib(raster.obj) : warning LNK4099: PDB 'freetype.pdb' was not found with 'freetype.lib(raster.obj)' or at 'C:\Users\julan\Desktop\Cheat ImGui\thirdparty\imgui\examples\example_win32_directx9\Release\freetype.pdb'; linking object as if no debug info
freetype.lib(sdf.obj) : warning LNK4099: PDB 'freetype.pdb' was not found with 'freetype.lib(sdf.obj)' or at 'C:\Users\julan\Desktop\Cheat ImGui\thirdparty\imgui\examples\example_win32_directx9\Release\freetype.pdb'; linking object as if no debug info
freetype.lib(svg.obj) : warning LNK4099: PDB 'freetype.pdb' was not found with 'freetype.lib(svg.obj)' or at 'C:\Users\julan\Desktop\Cheat ImGui\thirdparty\imgui\examples\example_win32_directx9\Release\freetype.pdb'; linking object as if no debug info
freetype.lib(ftsystem.obj) : warning LNK4099: PDB 'freetype.pdb' was not found with 'freetype.lib(ftsystem.obj)' or at 'C:\Users\julan\Desktop\Cheat ImGui\thirdparty\imgui\examples\example_win32_directx9\Release\freetype.pdb'; linking object as if no debug info
freetype.lib(ftbitmap.obj) : warning LNK4099: PDB 'freetype.pdb' was not found with 'freetype.lib(ftbitmap.obj)' or at 'C:\Users\julan\Desktop\Cheat ImGui\thirdparty\imgui\examples\example_win32_directx9\Release\freetype.pdb'; linking object as if no debug info
freetype.lib(ftgzip.obj) : warning LNK4099: PDB 'freetype.pdb' was not found with 'freetype.lib(ftgzip.obj)' or at 'C:\Users\julan\Desktop\Cheat ImGui\thirdparty\imgui\examples\example_win32_directx9\Release\freetype.pdb'; linking object as if no debug info
freetype.lib(ftlzw.obj) : warning LNK4099: PDB 'freetype.pdb' was not found with 'freetype.lib(ftlzw.obj)' or at 'C:\Users\julan\Desktop\Cheat ImGui\thirdparty\imgui\examples\example_win32_directx9\Release\freetype.pdb'; linking object as if no debug info
freetype.lib(ftdebug.obj) : warning LNK4099: PDB 'freetype.pdb' was not found with 'freetype.lib(ftdebug.obj)' or at 'C:\Users\julan\Desktop\Cheat ImGui\thirdparty\imgui\examples\example_win32_directx9\Release\freetype.pdb'; linking object as if no debug info
  example_win32_directx9.vcxproj -> C:\Users\julan\Desktop\Cheat ImGui\thirdparty\imgui\examples\example_win32_directx9\Release\example_win32_directx9.exe
